2017-01-02 13:19:52,608 [Worker-2] INFO  o.e.m.c.i.l.LifecycleMappingFactory - Using org.maven.ide.eclipse.wtp.WarLifecycleMapping lifecycle mapping for MavenProject: com.movie:web:1.0.0-BUILD-SNAPSHOT @ C:\Users\yoejo\Documents\Main\MainProject\Movie\pom.xml.
2017-01-02 13:19:53,745 [Worker-6] INFO  o.e.m.c.i.l.LifecycleMappingFactory - Using org.maven.ide.eclipse.wtp.WarLifecycleMapping lifecycle mapping for MavenProject: com.movie:web:1.0.0-BUILD-SNAPSHOT @ C:\Users\yoejo\Documents\Main\MainProject\Movie\pom.xml.
2017-01-02 13:20:00,658 [Worker-6] WARN  o.e.m.c.i.embedder.EclipseLogger - Using platform encoding (MS949 actually) to copy filtered resources, i.e. build is platform dependent!
2017-01-02 13:20:00,673 [Worker-6] INFO  o.e.m.c.i.embedder.EclipseLogger - Copying 1 resource
2017-01-02 13:20:00,689 [Worker-6] WARN  o.e.m.c.i.embedder.EclipseLogger - Using platform encoding (MS949 actually) to copy filtered resources, i.e. build is platform dependent!
2017-01-02 13:20:00,693 [Worker-6] INFO  o.e.m.c.i.embedder.EclipseLogger - Copying 1 resource
2017-01-02 13:20:02,199 [Worker-1] WARN  o.e.m.c.i.embedder.EclipseLogger - Using platform encoding (MS949 actually) to copy filtered resources, i.e. build is platform dependent!
2017-01-02 13:20:02,217 [Worker-1] INFO  o.e.m.c.i.embedder.EclipseLogger - Copying 0 resource
2017-01-02 13:20:02,222 [Worker-1] WARN  o.e.m.c.i.embedder.EclipseLogger - Using platform encoding (MS949 actually) to copy filtered resources, i.e. build is platform dependent!
2017-01-02 13:20:02,254 [Worker-1] INFO  o.e.m.c.i.embedder.EclipseLogger - Copying 0 resource
2017-01-02 13:20:03,074 [Worker-15] INFO  o.e.m.c.i.l.LifecycleMappingFactory - Using org.maven.ide.eclipse.wtp.WarLifecycleMapping lifecycle mapping for MavenProject: com.movie:web:1.0.0-BUILD-SNAPSHOT @ C:\Users\yoejo\Documents\Main\MainProject\Movie\pom.xml.
2017-01-02 13:20:17,838 [Worker-7] WARN  o.e.m.c.i.embedder.EclipseLogger - Using platform encoding (MS949 actually) to copy filtered resources, i.e. build is platform dependent!
2017-01-02 13:20:17,842 [Worker-7] INFO  o.e.m.c.i.embedder.EclipseLogger - Copying 0 resource
2017-01-02 13:20:17,845 [Worker-7] WARN  o.e.m.c.i.embedder.EclipseLogger - Using platform encoding (MS949 actually) to copy filtered resources, i.e. build is platform dependent!
2017-01-02 13:20:17,856 [Worker-7] INFO  o.e.m.c.i.embedder.EclipseLogger - Copying 0 resource
2017-01-02 13:22:13,310 [Worker-0] WARN  o.e.m.c.i.embedder.EclipseLogger - Using platform encoding (MS949 actually) to copy filtered resources, i.e. build is platform dependent!
2017-01-02 13:22:13,320 [Worker-0] INFO  o.e.m.c.i.embedder.EclipseLogger - Copying 1 resource
2017-01-02 13:22:13,340 [Worker-0] WARN  o.e.m.c.i.embedder.EclipseLogger - Using platform encoding (MS949 actually) to copy filtered resources, i.e. build is platform dependent!
2017-01-02 13:22:13,359 [Worker-0] INFO  o.e.m.c.i.embedder.EclipseLogger - Copying 1 resource
2017-01-02 13:22:17,608 [Worker-2] WARN  o.e.m.c.i.embedder.EclipseLogger - Using platform encoding (MS949 actually) to copy filtered resources, i.e. build is platform dependent!
2017-01-02 13:22:17,611 [Worker-2] INFO  o.e.m.c.i.embedder.EclipseLogger - Copying 0 resource
2017-01-02 13:22:17,613 [Worker-2] WARN  o.e.m.c.i.embedder.EclipseLogger - Using platform encoding (MS949 actually) to copy filtered resources, i.e. build is platform dependent!
2017-01-02 13:22:17,626 [Worker-2] INFO  o.e.m.c.i.embedder.EclipseLogger - Copying 0 resource
2017-01-02 13:22:37,515 [Worker-12] INFO  o.e.m.c.i.l.LifecycleMappingFactory - Using org.maven.ide.eclipse.wtp.WarLifecycleMapping lifecycle mapping for MavenProject: com.movie:web:1.0.0-BUILD-SNAPSHOT @ C:\Users\yoejo\Documents\Main\MainProject\Movie\pom.xml.
2017-01-02 13:22:39,464 [Worker-12] WARN  o.e.m.c.i.embedder.EclipseLogger - Using platform encoding (MS949 actually) to copy filtered resources, i.e. build is platform dependent!
2017-01-02 13:22:39,468 [Worker-12] INFO  o.e.m.c.i.embedder.EclipseLogger - Copying 0 resource
2017-01-02 13:22:39,471 [Worker-12] WARN  o.e.m.c.i.embedder.EclipseLogger - Using platform encoding (MS949 actually) to copy filtered resources, i.e. build is platform dependent!
2017-01-02 13:22:39,475 [Worker-12] INFO  o.e.m.c.i.embedder.EclipseLogger - Copying 0 resource
2017-01-02 13:22:39,475 [Worker-12] INFO  o.e.m.w.i.f.ResourceFilteringBuildParticipant - Changed resources require a complete clean of filtered resources of Movie
2017-01-02 13:22:39,477 [Worker-12] INFO  o.e.m.w.i.f.ResourceFilteringBuildParticipant - Executing resource filtering for Movie
2017-01-02 13:22:39,482 [Worker-12] WARN  o.e.m.c.i.embedder.EclipseLogger - Using platform encoding (MS949 actually) to copy filtered resources, i.e. build is platform dependent!
2017-01-02 13:22:42,070 [Worker-3] WARN  o.e.m.c.i.embedder.EclipseLogger - Using platform encoding (MS949 actually) to copy filtered resources, i.e. build is platform dependent!
2017-01-02 13:22:42,076 [Worker-3] INFO  o.e.m.c.i.embedder.EclipseLogger - Copying 1 resource
2017-01-02 13:22:42,096 [Worker-3] WARN  o.e.m.c.i.embedder.EclipseLogger - Using platform encoding (MS949 actually) to copy filtered resources, i.e. build is platform dependent!
2017-01-02 13:22:42,116 [Worker-3] INFO  o.e.m.c.i.embedder.EclipseLogger - Copying 1 resource
2017-01-02 13:22:43,236 [Worker-0] WARN  o.e.m.c.i.embedder.EclipseLogger - Using platform encoding (MS949 actually) to copy filtered resources, i.e. build is platform dependent!
2017-01-02 13:22:43,239 [Worker-0] INFO  o.e.m.c.i.embedder.EclipseLogger - Copying 0 resource
2017-01-02 13:22:43,241 [Worker-0] WARN  o.e.m.c.i.embedder.EclipseLogger - Using platform encoding (MS949 actually) to copy filtered resources, i.e. build is platform dependent!
2017-01-02 13:22:43,250 [Worker-0] INFO  o.e.m.c.i.embedder.EclipseLogger - Copying 0 resource
2017-01-02 13:46:02,427 [Worker-23] INFO  o.e.m.c.i.l.LifecycleMappingFactory - Using org.maven.ide.eclipse.wtp.WarLifecycleMapping lifecycle mapping for MavenProject: com.movie:web:1.0.0-BUILD-SNAPSHOT @ C:\Users\yoejo\Documents\Main\MainProject\Movie\pom.xml.
2017-01-02 13:46:04,723 [Worker-23] WARN  o.e.m.c.i.embedder.EclipseLogger - Using platform encoding (MS949 actually) to copy filtered resources, i.e. build is platform dependent!
2017-01-02 13:46:04,728 [Worker-23] INFO  o.e.m.c.i.embedder.EclipseLogger - Copying 0 resource
2017-01-02 13:46:04,730 [Worker-23] WARN  o.e.m.c.i.embedder.EclipseLogger - Using platform encoding (MS949 actually) to copy filtered resources, i.e. build is platform dependent!
2017-01-02 13:46:04,735 [Worker-23] INFO  o.e.m.c.i.embedder.EclipseLogger - Copying 0 resource
2017-01-02 13:46:04,736 [Worker-23] INFO  o.e.m.w.i.f.ResourceFilteringBuildParticipant - Changed resources require a complete clean of filtered resources of Movie
2017-01-02 13:46:04,736 [Worker-23] INFO  o.e.m.w.i.f.ResourceFilteringBuildParticipant - Executing resource filtering for Movie
2017-01-02 13:46:04,743 [Worker-23] WARN  o.e.m.c.i.embedder.EclipseLogger - Using platform encoding (MS949 actually) to copy filtered resources, i.e. build is platform dependent!
2017-01-02 13:46:06,775 [Worker-19] WARN  o.e.m.c.i.embedder.EclipseLogger - Using platform encoding (MS949 actually) to copy filtered resources, i.e. build is platform dependent!
2017-01-02 13:46:06,783 [Worker-19] INFO  o.e.m.c.i.embedder.EclipseLogger - Copying 1 resource
2017-01-02 13:46:06,801 [Worker-19] WARN  o.e.m.c.i.embedder.EclipseLogger - Using platform encoding (MS949 actually) to copy filtered resources, i.e. build is platform dependent!
2017-01-02 13:46:06,805 [Worker-19] INFO  o.e.m.c.i.embedder.EclipseLogger - Copying 1 resource
2017-01-02 15:22:55,428 [main] ERROR o.e.m2e.editor.pom.OverviewPage - Failed to populate overview panel
java.lang.NullPointerException: null
	at org.eclipse.m2e.core.ui.internal.editing.PomEdits.performOnDOMDocument(PomEdits.java:510) ~[org.eclipse.m2e.core.ui_1.7.0.20160603-1933.jar:na]
	at org.eclipse.m2e.editor.pom.OverviewPage$17.run(OverviewPage.java:1129) ~[na:na]
	at org.eclipse.swt.widgets.RunnableLock.run(RunnableLock.java:35) [org.eclipse.swt.win32.win32.x86_64_3.105.2.v20161122-0613.jar:na]
	at org.eclipse.swt.widgets.Synchronizer.runAsyncMessages(Synchronizer.java:182) [org.eclipse.swt.win32.win32.x86_64_3.105.2.v20161122-0613.jar:na]
	at org.eclipse.swt.widgets.Display.runAsyncMessages(Display.java:4211) [org.eclipse.swt.win32.win32.x86_64_3.105.2.v20161122-0613.jar:na]
	at org.eclipse.swt.widgets.Shell.WM_ENTERIDLE(Shell.java:2370) [org.eclipse.swt.win32.win32.x86_64_3.105.2.v20161122-0613.jar:na]
	at org.eclipse.swt.widgets.Control.windowProc(Control.java:4815) [org.eclipse.swt.win32.win32.x86_64_3.105.2.v20161122-0613.jar:na]
	at org.eclipse.swt.widgets.Canvas.windowProc(Canvas.java:359) [org.eclipse.swt.win32.win32.x86_64_3.105.2.v20161122-0613.jar:na]
	at org.eclipse.swt.widgets.Decorations.windowProc(Decorations.java:1656) [org.eclipse.swt.win32.win32.x86_64_3.105.2.v20161122-0613.jar:na]
	at org.eclipse.swt.widgets.Shell.windowProc(Shell.java:2199) [org.eclipse.swt.win32.win32.x86_64_3.105.2.v20161122-0613.jar:na]
	at org.eclipse.swt.widgets.Display.windowProc(Display.java:5110) [org.eclipse.swt.win32.win32.x86_64_3.105.2.v20161122-0613.jar:na]
	at org.eclipse.swt.internal.win32.OS.DefWindowProcW(Native Method) [org.eclipse.swt.win32.win32.x86_64_3.105.2.v20161122-0613.jar:na]
	at org.eclipse.swt.internal.win32.OS.DefWindowProc(OS.java:2547) [org.eclipse.swt.win32.win32.x86_64_3.105.2.v20161122-0613.jar:na]
	at org.eclipse.swt.widgets.Shell.callWindowProc(Shell.java:506) [org.eclipse.swt.win32.win32.x86_64_3.105.2.v20161122-0613.jar:na]
	at org.eclipse.swt.widgets.Control.windowProc(Control.java:4897) [org.eclipse.swt.win32.win32.x86_64_3.105.2.v20161122-0613.jar:na]
	at org.eclipse.swt.widgets.Canvas.windowProc(Canvas.java:359) [org.eclipse.swt.win32.win32.x86_64_3.105.2.v20161122-0613.jar:na]
	at org.eclipse.swt.widgets.Decorations.windowProc(Decorations.java:1656) [org.eclipse.swt.win32.win32.x86_64_3.105.2.v20161122-0613.jar:na]
	at org.eclipse.swt.widgets.Shell.windowProc(Shell.java:2199) [org.eclipse.swt.win32.win32.x86_64_3.105.2.v20161122-0613.jar:na]
	at org.eclipse.swt.widgets.Display.windowProc(Display.java:5110) [org.eclipse.swt.win32.win32.x86_64_3.105.2.v20161122-0613.jar:na]
	at org.eclipse.swt.internal.win32.OS.DefWindowProcW(Native Method) [org.eclipse.swt.win32.win32.x86_64_3.105.2.v20161122-0613.jar:na]
	at org.eclipse.swt.internal.win32.OS.DefWindowProc(OS.java:2547) [org.eclipse.swt.win32.win32.x86_64_3.105.2.v20161122-0613.jar:na]
	at org.eclipse.swt.widgets.Shell.callWindowProc(Shell.java:506) [org.eclipse.swt.win32.win32.x86_64_3.105.2.v20161122-0613.jar:na]
	at org.eclipse.swt.widgets.Control.windowProc(Control.java:4897) [org.eclipse.swt.win32.win32.x86_64_3.105.2.v20161122-0613.jar:na]
	at org.eclipse.swt.widgets.Canvas.windowProc(Canvas.java:359) [org.eclipse.swt.win32.win32.x86_64_3.105.2.v20161122-0613.jar:na]
	at org.eclipse.swt.widgets.Decorations.windowProc(Decorations.java:1656) [org.eclipse.swt.win32.win32.x86_64_3.105.2.v20161122-0613.jar:na]
	at org.eclipse.swt.widgets.Shell.windowProc(Shell.java:2199) [org.eclipse.swt.win32.win32.x86_64_3.105.2.v20161122-0613.jar:na]
	at org.eclipse.swt.widgets.Display.windowProc(Display.java:5110) [org.eclipse.swt.win32.win32.x86_64_3.105.2.v20161122-0613.jar:na]
	at org.eclipse.swt.internal.win32.OS.DispatchMessageW(Native Method) [org.eclipse.swt.win32.win32.x86_64_3.105.2.v20161122-0613.jar:na]
	at org.eclipse.swt.internal.win32.OS.DispatchMessage(OS.java:2552) [org.eclipse.swt.win32.win32.x86_64_3.105.2.v20161122-0613.jar:na]
	at org.eclipse.swt.widgets.Display.readAndDispatch(Display.java:3822) [org.eclipse.swt.win32.win32.x86_64_3.105.2.v20161122-0613.jar:na]
	at org.eclipse.e4.ui.internal.workbench.swt.PartRenderingEngine$4.run(PartRenderingEngine.java:1121) [org.eclipse.e4.ui.workbench.swt_0.14.1.v20160829-0832.jar:na]
	at org.eclipse.core.databinding.observable.Realm.runWithDefault(Realm.java:336) [org.eclipse.core.databinding.observable_1.6.0.v20160511-1747.jar:na]
	at org.eclipse.e4.ui.internal.workbench.swt.PartRenderingEngine.run(PartRenderingEngine.java:1022) [org.eclipse.e4.ui.workbench.swt_0.14.1.v20160829-0832.jar:na]
	at org.eclipse.e4.ui.internal.workbench.E4Workbench.createAndRunUI(E4Workbench.java:150) [org.eclipse.e4.ui.workbench_1.4.0.v20160517-1624.jar:na]
	at org.eclipse.ui.internal.Workbench$5.run(Workbench.java:693) [org.eclipse.ui.workbench_3.108.2.v20161025-2029.jar:na]
	at org.eclipse.core.databinding.observable.Realm.runWithDefault(Realm.java:336) [org.eclipse.core.databinding.observable_1.6.0.v20160511-1747.jar:na]
	at org.eclipse.ui.internal.Workbench.createAndRunWorkbench(Workbench.java:610) [org.eclipse.ui.workbench_3.108.2.v20161025-2029.jar:na]
	at org.eclipse.ui.PlatformUI.createAndRunWorkbench(PlatformUI.java:148) [org.eclipse.ui.workbench_3.108.2.v20161025-2029.jar:na]
	at org.eclipse.ui.internal.ide.application.IDEApplication.start(IDEApplication.java:138) [org.eclipse.ui.ide.application_1.1.101.v20160829-0827.jar:na]
	at org.eclipse.equinox.internal.app.EclipseAppHandle.run(EclipseAppHandle.java:196) [org.eclipse.equinox.app_1.3.400.v20150715-1528.jar:na]
	at org.eclipse.core.runtime.internal.adaptor.EclipseAppLauncher.runApplication(EclipseAppLauncher.java:134) [org.eclipse.osgi_3.11.2.v20161107-1947.jar:na]
	at org.eclipse.core.runtime.internal.adaptor.EclipseAppLauncher.start(EclipseAppLauncher.java:104) [org.eclipse.osgi_3.11.2.v20161107-1947.jar:na]
	at org.eclipse.core.runtime.adaptor.EclipseStarter.run(EclipseStarter.java:388) [org.eclipse.osgi_3.11.2.v20161107-1947.jar:na]
	at org.eclipse.core.runtime.adaptor.EclipseStarter.run(EclipseStarter.java:243) [org.eclipse.osgi_3.11.2.v20161107-1947.jar:na]
	at sun.reflect.NativeMethodAccessorImpl.invoke0(Native Method) ~[na:1.8.0_111]
	at sun.reflect.NativeMethodAccessorImpl.invoke(Unknown Source) ~[na:1.8.0_111]
	at sun.reflect.DelegatingMethodAccessorImpl.invoke(Unknown Source) ~[na:1.8.0_111]
	at java.lang.reflect.Method.invoke(Unknown Source) ~[na:1.8.0_111]
	at org.eclipse.equinox.launcher.Main.invokeFramework(Main.java:673) [org.eclipse.equinox.launcher_1.3.201.v20161025-1711.jar:na]
	at org.eclipse.equinox.launcher.Main.basicRun(Main.java:610) [org.eclipse.equinox.launcher_1.3.201.v20161025-1711.jar:na]
	at org.eclipse.equinox.launcher.Main.run(Main.java:1519) [org.eclipse.equinox.launcher_1.3.201.v20161025-1711.jar:na]
2017-01-02 15:22:57,130 [main] ERROR o.e.m2e.editor.pom.OverviewPage - Failed to populate overview panel
java.lang.NullPointerException: null
	at org.eclipse.m2e.core.ui.internal.editing.PomEdits.performOnDOMDocument(PomEdits.java:510) ~[org.eclipse.m2e.core.ui_1.7.0.20160603-1933.jar:na]
	at org.eclipse.m2e.editor.pom.OverviewPage$17.run(OverviewPage.java:1129) ~[na:na]
	at org.eclipse.swt.widgets.RunnableLock.run(RunnableLock.java:35) [org.eclipse.swt.win32.win32.x86_64_3.105.2.v20161122-0613.jar:na]
	at org.eclipse.swt.widgets.Synchronizer.runAsyncMessages(Synchronizer.java:182) [org.eclipse.swt.win32.win32.x86_64_3.105.2.v20161122-0613.jar:na]
	at org.eclipse.swt.widgets.Display.runAsyncMessages(Display.java:4211) [org.eclipse.swt.win32.win32.x86_64_3.105.2.v20161122-0613.jar:na]
	at org.eclipse.swt.widgets.Display.msgFilterProc(Display.java:3541) [org.eclipse.swt.win32.win32.x86_64_3.105.2.v20161122-0613.jar:na]
	at org.eclipse.swt.internal.win32.OS.DefWindowProcW(Native Method) [org.eclipse.swt.win32.win32.x86_64_3.105.2.v20161122-0613.jar:na]
	at org.eclipse.swt.internal.win32.OS.DefWindowProc(OS.java:2547) [org.eclipse.swt.win32.win32.x86_64_3.105.2.v20161122-0613.jar:na]
	at org.eclipse.swt.widgets.Shell.callWindowProc(Shell.java:506) [org.eclipse.swt.win32.win32.x86_64_3.105.2.v20161122-0613.jar:na]
	at org.eclipse.swt.widgets.Control.windowProc(Control.java:4897) [org.eclipse.swt.win32.win32.x86_64_3.105.2.v20161122-0613.jar:na]
	at org.eclipse.swt.widgets.Canvas.windowProc(Canvas.java:359) [org.eclipse.swt.win32.win32.x86_64_3.105.2.v20161122-0613.jar:na]
	at org.eclipse.swt.widgets.Decorations.windowProc(Decorations.java:1656) [org.eclipse.swt.win32.win32.x86_64_3.105.2.v20161122-0613.jar:na]
	at org.eclipse.swt.widgets.Shell.windowProc(Shell.java:2199) [org.eclipse.swt.win32.win32.x86_64_3.105.2.v20161122-0613.jar:na]
	at org.eclipse.swt.widgets.Display.windowProc(Display.java:5110) [org.eclipse.swt.win32.win32.x86_64_3.105.2.v20161122-0613.jar:na]
	at org.eclipse.swt.internal.win32.OS.DefWindowProcW(Native Method) [org.eclipse.swt.win32.win32.x86_64_3.105.2.v20161122-0613.jar:na]
	at org.eclipse.swt.internal.win32.OS.DefWindowProc(OS.java:2547) [org.eclipse.swt.win32.win32.x86_64_3.105.2.v20161122-0613.jar:na]
	at org.eclipse.swt.widgets.Shell.callWindowProc(Shell.java:506) [org.eclipse.swt.win32.win32.x86_64_3.105.2.v20161122-0613.jar:na]
	at org.eclipse.swt.widgets.Control.windowProc(Control.java:4897) [org.eclipse.swt.win32.win32.x86_64_3.105.2.v20161122-0613.jar:na]
	at org.eclipse.swt.widgets.Canvas.windowProc(Canvas.java:359) [org.eclipse.swt.win32.win32.x86_64_3.105.2.v20161122-0613.jar:na]
	at org.eclipse.swt.widgets.Decorations.windowProc(Decorations.java:1656) [org.eclipse.swt.win32.win32.x86_64_3.105.2.v20161122-0613.jar:na]
	at org.eclipse.swt.widgets.Shell.windowProc(Shell.java:2199) [org.eclipse.swt.win32.win32.x86_64_3.105.2.v20161122-0613.jar:na]
	at org.eclipse.swt.widgets.Display.windowProc(Display.java:5110) [org.eclipse.swt.win32.win32.x86_64_3.105.2.v20161122-0613.jar:na]
	at org.eclipse.swt.internal.win32.OS.DispatchMessageW(Native Method) [org.eclipse.swt.win32.win32.x86_64_3.105.2.v20161122-0613.jar:na]
	at org.eclipse.swt.internal.win32.OS.DispatchMessage(OS.java:2552) [org.eclipse.swt.win32.win32.x86_64_3.105.2.v20161122-0613.jar:na]
	at org.eclipse.swt.widgets.Display.readAndDispatch(Display.java:3822) [org.eclipse.swt.win32.win32.x86_64_3.105.2.v20161122-0613.jar:na]
	at org.eclipse.e4.ui.internal.workbench.swt.PartRenderingEngine$4.run(PartRenderingEngine.java:1121) [org.eclipse.e4.ui.workbench.swt_0.14.1.v20160829-0832.jar:na]
	at org.eclipse.core.databinding.observable.Realm.runWithDefault(Realm.java:336) [org.eclipse.core.databinding.observable_1.6.0.v20160511-1747.jar:na]
	at org.eclipse.e4.ui.internal.workbench.swt.PartRenderingEngine.run(PartRenderingEngine.java:1022) [org.eclipse.e4.ui.workbench.swt_0.14.1.v20160829-0832.jar:na]
	at org.eclipse.e4.ui.internal.workbench.E4Workbench.createAndRunUI(E4Workbench.java:150) [org.eclipse.e4.ui.workbench_1.4.0.v20160517-1624.jar:na]
	at org.eclipse.ui.internal.Workbench$5.run(Workbench.java:693) [org.eclipse.ui.workbench_3.108.2.v20161025-2029.jar:na]
	at org.eclipse.core.databinding.observable.Realm.runWithDefault(Realm.java:336) [org.eclipse.core.databinding.observable_1.6.0.v20160511-1747.jar:na]
	at org.eclipse.ui.internal.Workbench.createAndRunWorkbench(Workbench.java:610) [org.eclipse.ui.workbench_3.108.2.v20161025-2029.jar:na]
	at org.eclipse.ui.PlatformUI.createAndRunWorkbench(PlatformUI.java:148) [org.eclipse.ui.workbench_3.108.2.v20161025-2029.jar:na]
	at org.eclipse.ui.internal.ide.application.IDEApplication.start(IDEApplication.java:138) [org.eclipse.ui.ide.application_1.1.101.v20160829-0827.jar:na]
	at org.eclipse.equinox.internal.app.EclipseAppHandle.run(EclipseAppHandle.java:196) [org.eclipse.equinox.app_1.3.400.v20150715-1528.jar:na]
	at org.eclipse.core.runtime.internal.adaptor.EclipseAppLauncher.runApplication(EclipseAppLauncher.java:134) [org.eclipse.osgi_3.11.2.v20161107-1947.jar:na]
	at org.eclipse.core.runtime.internal.adaptor.EclipseAppLauncher.start(EclipseAppLauncher.java:104) [org.eclipse.osgi_3.11.2.v20161107-1947.jar:na]
	at org.eclipse.core.runtime.adaptor.EclipseStarter.run(EclipseStarter.java:388) [org.eclipse.osgi_3.11.2.v20161107-1947.jar:na]
	at org.eclipse.core.runtime.adaptor.EclipseStarter.run(EclipseStarter.java:243) [org.eclipse.osgi_3.11.2.v20161107-1947.jar:na]
	at sun.reflect.NativeMethodAccessorImpl.invoke0(Native Method) ~[na:1.8.0_111]
	at sun.reflect.NativeMethodAccessorImpl.invoke(Unknown Source) ~[na:1.8.0_111]
	at sun.reflect.DelegatingMethodAccessorImpl.invoke(Unknown Source) ~[na:1.8.0_111]
	at java.lang.reflect.Method.invoke(Unknown Source) ~[na:1.8.0_111]
	at org.eclipse.equinox.launcher.Main.invokeFramework(Main.java:673) [org.eclipse.equinox.launcher_1.3.201.v20161025-1711.jar:na]
	at org.eclipse.equinox.launcher.Main.basicRun(Main.java:610) [org.eclipse.equinox.launcher_1.3.201.v20161025-1711.jar:na]
	at org.eclipse.equinox.launcher.Main.run(Main.java:1519) [org.eclipse.equinox.launcher_1.3.201.v20161025-1711.jar:na]
2017-01-02 15:23:06,725 [Worker-6] WARN  o.e.m.c.i.embedder.EclipseLogger - Using platform encoding (MS949 actually) to copy filtered resources, i.e. build is platform dependent!
2017-01-02 15:23:06,810 [Worker-6] INFO  o.e.m.c.i.embedder.EclipseLogger - Copying 1 resource
2017-01-02 15:23:06,829 [Worker-6] WARN  o.e.m.c.i.embedder.EclipseLogger - Using platform encoding (MS949 actually) to copy filtered resources, i.e. build is platform dependent!
2017-01-02 15:23:06,860 [Worker-6] INFO  o.e.m.c.i.embedder.EclipseLogger - Copying 1 resource
2017-01-02 15:30:13,134 [Worker-12] WARN  o.e.m.c.i.embedder.EclipseLogger - Using platform encoding (MS949 actually) to copy filtered resources, i.e. build is platform dependent!
2017-01-02 15:30:13,154 [Worker-12] INFO  o.e.m.c.i.embedder.EclipseLogger - Copying 1 resource
2017-01-02 15:30:13,164 [Worker-12] WARN  o.e.m.c.i.embedder.EclipseLogger - Using platform encoding (MS949 actually) to copy filtered resources, i.e. build is platform dependent!
2017-01-02 15:30:13,169 [Worker-12] INFO  o.e.m.c.i.embedder.EclipseLogger - Copying 1 resource
